{"C:\\Users\\ravneet\\DevOps\\W_TestGeneration\\TestGeneration\\test.js":{"path":"C:\\Users\\ravneet\\DevOps\\W_TestGeneration\\TestGeneration\\test.js","s":{"1":1,"2":1,"3":1,"4":1,"5":1,"6":1,"7":1,"8":1,"9":1,"10":1,"11":1,"12":1,"13":1,"14":1,"15":1,"16":1,"17":1,"18":1,"19":1,"20":1,"21":1,"22":1,"23":1,"24":1,"25":1,"26":1,"27":1,"28":1,"29":1,"30":1,"31":1,"32":1,"33":1,"34":1,"35":1,"36":1,"37":1,"38":1,"39":1,"40":1,"41":1,"42":1,"43":1,"44":1,"45":1,"46":1,"47":1,"48":1,"49":1,"50":1,"51":1,"52":1,"53":1,"54":1,"55":1,"56":1,"57":1,"58":1,"59":1,"60":1,"61":1,"62":1,"63":1,"64":1,"65":1,"66":1,"67":1,"68":1,"69":1,"70":1,"71":1,"72":1,"73":1,"74":1,"75":1,"76":1,"77":1,"78":1,"79":1,"80":1,"81":1,"82":1,"83":1,"84":1,"85":1,"86":1,"87":1,"88":1,"89":1,"90":1,"91":1,"92":1,"93":1,"94":1,"95":1,"96":1,"97":1,"98":1,"99":1,"100":1,"101":1,"102":1,"103":1,"104":1,"105":1,"106":1,"107":1,"108":1,"109":1,"110":1,"111":1,"112":1,"113":1,"114":1,"115":1,"116":1,"117":1,"118":1,"119":1,"120":1,"121":1,"122":1,"123":1,"124":1,"125":1,"126":1,"127":1,"128":1,"129":1,"130":1,"131":1,"132":1,"133":1,"134":1,"135":1,"136":1,"137":1,"138":1,"139":1,"140":1,"141":1,"142":1,"143":1,"144":1,"145":1,"146":1,"147":1,"148":1,"149":1,"150":1,"151":1,"152":1,"153":1,"154":1,"155":1,"156":1,"157":1,"158":1,"159":1,"160":1},"b":{},"f":{},"fnMap":{},"statementMap":{"1":{"start":{"line":1,"column":0},"end":{"line":1,"column":37}},"2":{"start":{"line":2,"column":0},"end":{"line":2,"column":30}},"3":{"start":{"line":3,"column":0},"end":{"line":3,"column":26}},"4":{"start":{"line":4,"column":0},"end":{"line":4,"column":25}},"5":{"start":{"line":5,"column":0},"end":{"line":5,"column":25}},"6":{"start":{"line":6,"column":0},"end":{"line":6,"column":24}},"7":{"start":{"line":7,"column":0},"end":{"line":7,"column":32}},"8":{"start":{"line":8,"column":0},"end":{"line":8,"column":32}},"9":{"start":{"line":9,"column":0},"end":{"line":9,"column":30}},"10":{"start":{"line":10,"column":0},"end":{"line":10,"column":30}},"11":{"start":{"line":11,"column":0},"end":{"line":11,"column":30}},"12":{"start":{"line":12,"column":0},"end":{"line":12,"column":30}},"13":{"start":{"line":13,"column":0},"end":{"line":13,"column":32}},"14":{"start":{"line":14,"column":0},"end":{"line":14,"column":32}},"15":{"start":{"line":15,"column":0},"end":{"line":15,"column":30}},"16":{"start":{"line":16,"column":0},"end":{"line":16,"column":30}},"17":{"start":{"line":17,"column":0},"end":{"line":17,"column":30}},"18":{"start":{"line":18,"column":0},"end":{"line":18,"column":30}},"19":{"start":{"line":19,"column":0},"end":{"line":19,"column":31}},"20":{"start":{"line":20,"column":0},"end":{"line":20,"column":31}},"21":{"start":{"line":21,"column":0},"end":{"line":21,"column":29}},"22":{"start":{"line":22,"column":0},"end":{"line":22,"column":29}},"23":{"start":{"line":23,"column":0},"end":{"line":23,"column":29}},"24":{"start":{"line":24,"column":0},"end":{"line":24,"column":29}},"25":{"start":{"line":25,"column":0},"end":{"line":25,"column":31}},"26":{"start":{"line":26,"column":0},"end":{"line":26,"column":31}},"27":{"start":{"line":27,"column":0},"end":{"line":27,"column":29}},"28":{"start":{"line":28,"column":0},"end":{"line":28,"column":29}},"29":{"start":{"line":29,"column":0},"end":{"line":29,"column":29}},"30":{"start":{"line":30,"column":0},"end":{"line":30,"column":29}},"31":{"start":{"line":31,"column":0},"end":{"line":31,"column":32}},"32":{"start":{"line":32,"column":0},"end":{"line":32,"column":32}},"33":{"start":{"line":33,"column":0},"end":{"line":33,"column":30}},"34":{"start":{"line":34,"column":0},"end":{"line":34,"column":30}},"35":{"start":{"line":35,"column":0},"end":{"line":35,"column":30}},"36":{"start":{"line":36,"column":0},"end":{"line":36,"column":30}},"37":{"start":{"line":37,"column":0},"end":{"line":37,"column":32}},"38":{"start":{"line":38,"column":0},"end":{"line":38,"column":32}},"39":{"start":{"line":39,"column":0},"end":{"line":39,"column":30}},"40":{"start":{"line":40,"column":0},"end":{"line":40,"column":30}},"41":{"start":{"line":41,"column":0},"end":{"line":41,"column":30}},"42":{"start":{"line":42,"column":0},"end":{"line":42,"column":30}},"43":{"start":{"line":43,"column":0},"end":{"line":43,"column":31}},"44":{"start":{"line":44,"column":0},"end":{"line":44,"column":31}},"45":{"start":{"line":45,"column":0},"end":{"line":45,"column":29}},"46":{"start":{"line":46,"column":0},"end":{"line":46,"column":29}},"47":{"start":{"line":47,"column":0},"end":{"line":47,"column":29}},"48":{"start":{"line":48,"column":0},"end":{"line":48,"column":29}},"49":{"start":{"line":49,"column":0},"end":{"line":49,"column":31}},"50":{"start":{"line":50,"column":0},"end":{"line":50,"column":31}},"51":{"start":{"line":51,"column":0},"end":{"line":51,"column":29}},"52":{"start":{"line":52,"column":0},"end":{"line":52,"column":29}},"53":{"start":{"line":53,"column":0},"end":{"line":53,"column":29}},"54":{"start":{"line":54,"column":0},"end":{"line":54,"column":29}},"55":{"start":{"line":55,"column":0},"end":{"line":55,"column":127}},"56":{"start":{"line":56,"column":1},"end":{"line":56,"column":57}},"57":{"start":{"line":57,"column":0},"end":{"line":57,"column":15}},"58":{"start":{"line":58,"column":0},"end":{"line":58,"column":73}},"59":{"start":{"line":59,"column":1},"end":{"line":59,"column":57}},"60":{"start":{"line":60,"column":0},"end":{"line":60,"column":15}},"61":{"start":{"line":61,"column":0},"end":{"line":61,"column":62}},"62":{"start":{"line":62,"column":1},"end":{"line":62,"column":57}},"63":{"start":{"line":63,"column":0},"end":{"line":63,"column":15}},"64":{"start":{"line":64,"column":0},"end":{"line":64,"column":9}},"65":{"start":{"line":65,"column":1},"end":{"line":65,"column":57}},"66":{"start":{"line":66,"column":0},"end":{"line":66,"column":15}},"67":{"start":{"line":67,"column":0},"end":{"line":67,"column":127}},"68":{"start":{"line":68,"column":1},"end":{"line":68,"column":61}},"69":{"start":{"line":69,"column":0},"end":{"line":69,"column":15}},"70":{"start":{"line":70,"column":0},"end":{"line":70,"column":73}},"71":{"start":{"line":71,"column":1},"end":{"line":71,"column":61}},"72":{"start":{"line":72,"column":0},"end":{"line":72,"column":15}},"73":{"start":{"line":73,"column":0},"end":{"line":73,"column":62}},"74":{"start":{"line":74,"column":1},"end":{"line":74,"column":61}},"75":{"start":{"line":75,"column":0},"end":{"line":75,"column":15}},"76":{"start":{"line":76,"column":0},"end":{"line":76,"column":9}},"77":{"start":{"line":77,"column":1},"end":{"line":77,"column":61}},"78":{"start":{"line":78,"column":0},"end":{"line":78,"column":15}},"79":{"start":{"line":79,"column":0},"end":{"line":79,"column":127}},"80":{"start":{"line":80,"column":1},"end":{"line":80,"column":58}},"81":{"start":{"line":81,"column":0},"end":{"line":81,"column":15}},"82":{"start":{"line":82,"column":0},"end":{"line":82,"column":73}},"83":{"start":{"line":83,"column":1},"end":{"line":83,"column":58}},"84":{"start":{"line":84,"column":0},"end":{"line":84,"column":15}},"85":{"start":{"line":85,"column":0},"end":{"line":85,"column":62}},"86":{"start":{"line":86,"column":1},"end":{"line":86,"column":58}},"87":{"start":{"line":87,"column":0},"end":{"line":87,"column":15}},"88":{"start":{"line":88,"column":0},"end":{"line":88,"column":9}},"89":{"start":{"line":89,"column":1},"end":{"line":89,"column":58}},"90":{"start":{"line":90,"column":0},"end":{"line":90,"column":15}},"91":{"start":{"line":91,"column":0},"end":{"line":91,"column":127}},"92":{"start":{"line":92,"column":1},"end":{"line":92,"column":62}},"93":{"start":{"line":93,"column":0},"end":{"line":93,"column":15}},"94":{"start":{"line":94,"column":0},"end":{"line":94,"column":73}},"95":{"start":{"line":95,"column":1},"end":{"line":95,"column":62}},"96":{"start":{"line":96,"column":0},"end":{"line":96,"column":15}},"97":{"start":{"line":97,"column":0},"end":{"line":97,"column":62}},"98":{"start":{"line":98,"column":1},"end":{"line":98,"column":62}},"99":{"start":{"line":99,"column":0},"end":{"line":99,"column":15}},"100":{"start":{"line":100,"column":0},"end":{"line":100,"column":9}},"101":{"start":{"line":101,"column":1},"end":{"line":101,"column":62}},"102":{"start":{"line":102,"column":0},"end":{"line":102,"column":15}},"103":{"start":{"line":103,"column":0},"end":{"line":103,"column":127}},"104":{"start":{"line":104,"column":1},"end":{"line":104,"column":57}},"105":{"start":{"line":105,"column":0},"end":{"line":105,"column":15}},"106":{"start":{"line":106,"column":0},"end":{"line":106,"column":73}},"107":{"start":{"line":107,"column":1},"end":{"line":107,"column":57}},"108":{"start":{"line":108,"column":0},"end":{"line":108,"column":15}},"109":{"start":{"line":109,"column":0},"end":{"line":109,"column":62}},"110":{"start":{"line":110,"column":1},"end":{"line":110,"column":57}},"111":{"start":{"line":111,"column":0},"end":{"line":111,"column":15}},"112":{"start":{"line":112,"column":0},"end":{"line":112,"column":9}},"113":{"start":{"line":113,"column":1},"end":{"line":113,"column":57}},"114":{"start":{"line":114,"column":0},"end":{"line":114,"column":15}},"115":{"start":{"line":115,"column":0},"end":{"line":115,"column":127}},"116":{"start":{"line":116,"column":1},"end":{"line":116,"column":61}},"117":{"start":{"line":117,"column":0},"end":{"line":117,"column":15}},"118":{"start":{"line":118,"column":0},"end":{"line":118,"column":73}},"119":{"start":{"line":119,"column":1},"end":{"line":119,"column":61}},"120":{"start":{"line":120,"column":0},"end":{"line":120,"column":15}},"121":{"start":{"line":121,"column":0},"end":{"line":121,"column":62}},"122":{"start":{"line":122,"column":1},"end":{"line":122,"column":61}},"123":{"start":{"line":123,"column":0},"end":{"line":123,"column":15}},"124":{"start":{"line":124,"column":0},"end":{"line":124,"column":9}},"125":{"start":{"line":125,"column":1},"end":{"line":125,"column":61}},"126":{"start":{"line":126,"column":0},"end":{"line":126,"column":15}},"127":{"start":{"line":127,"column":0},"end":{"line":127,"column":127}},"128":{"start":{"line":128,"column":1},"end":{"line":128,"column":57}},"129":{"start":{"line":129,"column":0},"end":{"line":129,"column":15}},"130":{"start":{"line":130,"column":0},"end":{"line":130,"column":73}},"131":{"start":{"line":131,"column":1},"end":{"line":131,"column":57}},"132":{"start":{"line":132,"column":0},"end":{"line":132,"column":15}},"133":{"start":{"line":133,"column":0},"end":{"line":133,"column":62}},"134":{"start":{"line":134,"column":1},"end":{"line":134,"column":57}},"135":{"start":{"line":135,"column":0},"end":{"line":135,"column":15}},"136":{"start":{"line":136,"column":0},"end":{"line":136,"column":9}},"137":{"start":{"line":137,"column":1},"end":{"line":137,"column":57}},"138":{"start":{"line":138,"column":0},"end":{"line":138,"column":15}},"139":{"start":{"line":139,"column":0},"end":{"line":139,"column":127}},"140":{"start":{"line":140,"column":1},"end":{"line":140,"column":61}},"141":{"start":{"line":141,"column":0},"end":{"line":141,"column":15}},"142":{"start":{"line":142,"column":0},"end":{"line":142,"column":73}},"143":{"start":{"line":143,"column":1},"end":{"line":143,"column":61}},"144":{"start":{"line":144,"column":0},"end":{"line":144,"column":15}},"145":{"start":{"line":145,"column":0},"end":{"line":145,"column":62}},"146":{"start":{"line":146,"column":1},"end":{"line":146,"column":61}},"147":{"start":{"line":147,"column":0},"end":{"line":147,"column":15}},"148":{"start":{"line":148,"column":0},"end":{"line":148,"column":9}},"149":{"start":{"line":149,"column":1},"end":{"line":149,"column":61}},"150":{"start":{"line":150,"column":0},"end":{"line":150,"column":15}},"151":{"start":{"line":151,"column":0},"end":{"line":151,"column":34}},"152":{"start":{"line":152,"column":0},"end":{"line":152,"column":76}},"153":{"start":{"line":153,"column":0},"end":{"line":153,"column":90}},"154":{"start":{"line":154,"column":0},"end":{"line":154,"column":61}},"155":{"start":{"line":155,"column":0},"end":{"line":155,"column":74}},"156":{"start":{"line":156,"column":0},"end":{"line":156,"column":85}},"157":{"start":{"line":157,"column":0},"end":{"line":157,"column":40}},"158":{"start":{"line":158,"column":0},"end":{"line":158,"column":42}},"159":{"start":{"line":159,"column":0},"end":{"line":159,"column":88}},"160":{"start":{"line":160,"column":0},"end":{"line":160,"column":96}}},"branchMap":{}},"C:\\Users\\ravneet\\DevOps\\W_TestGeneration\\TestGeneration\\subject.js":{"path":"C:\\Users\\ravneet\\DevOps\\W_TestGeneration\\TestGeneration\\subject.js","s":{"1":1,"2":1,"3":4,"4":2,"5":4,"6":2,"7":4,"8":1,"9":48,"10":12,"11":36,"12":18,"13":3,"14":15,"15":12,"16":18,"17":15,"18":18,"19":1,"20":32,"21":16,"22":16,"23":16,"24":12,"25":4,"26":2,"27":2,"28":1,"29":1,"30":1,"31":8,"32":1,"33":7,"34":5,"35":7,"36":109,"37":7,"38":1,"39":4,"40":4,"41":4,"42":1,"43":3,"44":1,"45":1,"46":1,"47":1,"48":1,"49":1},"b":{"1":[2,2],"2":[2,2],"3":[12,36],"4":[48,24],"5":[18,18],"6":[3,15],"7":[12,3],"8":[15,3],"9":[16,16],"10":[12,4],"11":[2,2],"12":[1,1],"13":[5,2],"14":[7,3],"15":[1,3]},"f":{"1":4,"2":48,"3":32,"4":8,"5":7,"6":4},"fnMap":{"1":{"name":"inc","line":3,"loc":{"start":{"line":3,"column":0},"end":{"line":3,"column":18}}},"2":{"name":"weird","line":12,"loc":{"start":{"line":12,"column":0},"end":{"line":13,"column":0}}},"3":{"name":"fileTest","line":40,"loc":{"start":{"line":40,"column":0},"end":{"line":41,"column":0}}},"4":{"name":"normalize","line":64,"loc":{"start":{"line":64,"column":0},"end":{"line":64,"column":32}}},"5":{"name":"format","line":73,"loc":{"start":{"line":73,"column":0},"end":{"line":74,"column":0}}},"6":{"name":"blackListNumber","line":88,"loc":{"start":{"line":88,"column":0},"end":{"line":89,"column":0}}}},"statementMap":{"1":{"start":{"line":1,"column":0},"end":{"line":1,"column":23}},"2":{"start":{"line":3,"column":0},"end":{"line":10,"column":1}},"3":{"start":{"line":4,"column":3},"end":{"line":4,"column":26}},"4":{"start":{"line":4,"column":21},"end":{"line":4,"column":26}},"5":{"start":{"line":5,"column":3},"end":{"line":8,"column":4}},"6":{"start":{"line":7,"column":4},"end":{"line":7,"column":11}},"7":{"start":{"line":9,"column":3},"end":{"line":9,"column":18}},"8":{"start":{"line":12,"column":0},"end":{"line":37,"column":1}},"9":{"start":{"line":14,"column":4},"end":{"line":35,"column":5}},"10":{"start":{"line":16,"column":8},"end":{"line":16,"column":15}},"11":{"start":{"line":18,"column":9},"end":{"line":35,"column":5}},"12":{"start":{"line":20,"column":8},"end":{"line":27,"column":9}},"13":{"start":{"line":22,"column":12},"end":{"line":22,"column":21}},"14":{"start":{"line":24,"column":13},"end":{"line":27,"column":9}},"15":{"start":{"line":26,"column":12},"end":{"line":26,"column":21}},"16":{"start":{"line":31,"column":8},"end":{"line":34,"column":9}},"17":{"start":{"line":33,"column":12},"end":{"line":33,"column":29}},"18":{"start":{"line":36,"column":4},"end":{"line":36,"column":13}},"19":{"start":{"line":40,"column":0},"end":{"line":62,"column":1}},"20":{"start":{"line":42,"column":1},"end":{"line":45,"column":5}},"21":{"start":{"line":44,"column":8},"end":{"line":44,"column":21}},"22":{"start":{"line":47,"column":4},"end":{"line":47,"column":36}},"23":{"start":{"line":48,"column":4},"end":{"line":51,"column":5}},"24":{"start":{"line":50,"column":8},"end":{"line":50,"column":21}},"25":{"start":{"line":53,"column":3},"end":{"line":61,"column":2}},"26":{"start":{"line":55,"column":2},"end":{"line":55,"column":46}},"27":{"start":{"line":56,"column":2},"end":{"line":59,"column":3}},"28":{"start":{"line":58,"column":3},"end":{"line":58,"column":15}},"29":{"start":{"line":60,"column":2},"end":{"line":60,"column":15}},"30":{"start":{"line":64,"column":0},"end":{"line":71,"column":1}},"31":{"start":{"line":66,"column":4},"end":{"line":69,"column":6}},"32":{"start":{"line":73,"column":0},"end":{"line":86,"column":1}},"33":{"start":{"line":76,"column":4},"end":{"line":78,"column":5}},"34":{"start":{"line":77,"column":6},"end":{"line":77,"column":42}},"35":{"start":{"line":80,"column":4},"end":{"line":82,"column":5}},"36":{"start":{"line":81,"column":6},"end":{"line":81,"column":63}},"37":{"start":{"line":84,"column":4},"end":{"line":84,"column":24}},"38":{"start":{"line":88,"column":0},"end":{"line":97,"column":1}},"39":{"start":{"line":90,"column":1},"end":{"line":90,"column":49}},"40":{"start":{"line":91,"column":1},"end":{"line":91,"column":31}},"41":{"start":{"line":92,"column":1},"end":{"line":95,"column":2}},"42":{"start":{"line":94,"column":2},"end":{"line":94,"column":14}},"43":{"start":{"line":96,"column":1},"end":{"line":96,"column":14}},"44":{"start":{"line":99,"column":0},"end":{"line":99,"column":28}},"45":{"start":{"line":100,"column":0},"end":{"line":100,"column":30}},"46":{"start":{"line":101,"column":0},"end":{"line":101,"column":24}},"47":{"start":{"line":102,"column":0},"end":{"line":102,"column":18}},"48":{"start":{"line":103,"column":0},"end":{"line":103,"column":22}},"49":{"start":{"line":104,"column":0},"end":{"line":104,"column":42}}},"branchMap":{"1":{"line":4,"type":"if","locations":[{"start":{"line":4,"column":3},"end":{"line":4,"column":3}},{"start":{"line":4,"column":3},"end":{"line":4,"column":3}}]},"2":{"line":5,"type":"if","locations":[{"start":{"line":5,"column":3},"end":{"line":5,"column":3}},{"start":{"line":5,"column":3},"end":{"line":5,"column":3}}]},"3":{"line":14,"type":"if","locations":[{"start":{"line":14,"column":4},"end":{"line":14,"column":4}},{"start":{"line":14,"column":4},"end":{"line":14,"column":4}}]},"4":{"line":14,"type":"binary-expr","locations":[{"start":{"line":14,"column":8},"end":{"line":14,"column":13}},{"start":{"line":14,"column":17},"end":{"line":14,"column":22}}]},"5":{"line":18,"type":"if","locations":[{"start":{"line":18,"column":9},"end":{"line":18,"column":9}},{"start":{"line":18,"column":9},"end":{"line":18,"column":9}}]},"6":{"line":20,"type":"if","locations":[{"start":{"line":20,"column":8},"end":{"line":20,"column":8}},{"start":{"line":20,"column":8},"end":{"line":20,"column":8}}]},"7":{"line":24,"type":"if","locations":[{"start":{"line":24,"column":13},"end":{"line":24,"column":13}},{"start":{"line":24,"column":13},"end":{"line":24,"column":13}}]},"8":{"line":31,"type":"if","locations":[{"start":{"line":31,"column":8},"end":{"line":31,"column":8}},{"start":{"line":31,"column":8},"end":{"line":31,"column":8}}]},"9":{"line":42,"type":"if","locations":[{"start":{"line":42,"column":1},"end":{"line":42,"column":1}},{"start":{"line":42,"column":1},"end":{"line":42,"column":1}}]},"10":{"line":48,"type":"if","locations":[{"start":{"line":48,"column":4},"end":{"line":48,"column":4}},{"start":{"line":48,"column":4},"end":{"line":48,"column":4}}]},"11":{"line":53,"type":"if","locations":[{"start":{"line":53,"column":3},"end":{"line":53,"column":3}},{"start":{"line":53,"column":3},"end":{"line":53,"column":3}}]},"12":{"line":56,"type":"if","locations":[{"start":{"line":56,"column":2},"end":{"line":56,"column":2}},{"start":{"line":56,"column":2},"end":{"line":56,"column":2}}]},"13":{"line":76,"type":"if","locations":[{"start":{"line":76,"column":4},"end":{"line":76,"column":4}},{"start":{"line":76,"column":4},"end":{"line":76,"column":4}}]},"14":{"line":76,"type":"binary-expr","locations":[{"start":{"line":76,"column":8},"end":{"line":76,"column":16}},{"start":{"line":76,"column":20},"end":{"line":76,"column":38}}]},"15":{"line":92,"type":"if","locations":[{"start":{"line":92,"column":1},"end":{"line":92,"column":1}},{"start":{"line":92,"column":1},"end":{"line":92,"column":1}}]}}}}